<?xml version="1.0" encoding="UTF-8"?>
<!-- Generated by org.testng.reporters.JUnitReportReporter -->
<testsuite hostname="DESKTOP-F5R7G24" failures="0" tests="1" name="SeleniumFrameworkTutorial.A_01EndtoEndAutomationTestcopy" time="103.778" errors="0" timestamp="2024-10-21T19:23:27 IST" skipped="0">
  <testcase classname="SeleniumFrameworkTutorial.A_01EndtoEndAutomationTestcopy" name="ecommerce" time="103.778"/>
</testsuite> <!-- SeleniumFrameworkTutorial.A_01EndtoEndAutomationTestcopy -->
