<?xml version="1.0" encoding="UTF-8"?>
<!-- Generated by org.testng.reporters.JUnitReportReporter -->
<testsuite hostname="DESKTOP-F5R7G24" failures="0" tests="1" name="SeleniumFrameworkTutorial.EndtoEndAutomationTestcopy" time="66.389" errors="0" timestamp="2024-09-16T14:45:02 IST" skipped="0">
  <testcase classname="SeleniumFrameworkTutorial.EndtoEndAutomationTestcopy" name="ecommerce" time="66.389"/>
</testsuite> <!-- SeleniumFrameworkTutorial.EndtoEndAutomationTestcopy -->
