<?xml version="1.0" encoding="UTF-8"?>
<!-- Generated by org.testng.reporters.JUnitReportReporter -->
<testsuite hostname="DESKTOP-F5R7G24" failures="0" tests="1" name="seleniumframe.datafiles.A_02ExtendReportsDemo" time="21.208" errors="0" timestamp="2024-09-18T23:11:54 IST" skipped="0">
  <testcase classname="seleniumframe.datafiles.A_02ExtendReportsDemo" name="ExtendReportDemo" time="21.208"/>
</testsuite> <!-- seleniumframe.datafiles.A_02ExtendReportsDemo -->
