<?xml version="1.0" encoding="UTF-8"?>
<!-- Generated by org.testng.reporters.JUnitReportReporter -->
<testsuite hostname="DESKTOP-F5R7G24" failures="0" tests="1" name="SeleniumFrameworkTutorial.A_03Errorvalidations" time="115.865" errors="0" timestamp="2024-09-19T12:32:07 IST" skipped="0">
  <testcase classname="SeleniumFrameworkTutorial.A_03Errorvalidations" name="ecommerce" time="115.865"/>
</testsuite> <!-- SeleniumFrameworkTutorial.A_03Errorvalidations -->
